<?xml version="1.0" encoding="UTF-8"?>
<testng-results skipped="9" failed="2" total="11" passed="0">
  <reporter-output>
    <line>
      <![CDATA[Launch Browser]]>
    </line>
    <line>
      <![CDATA[Login Function]]>
    </line>
    <line>
      <![CDATA[Logout Function]]>
    </line>
    <line>
      <![CDATA[Login Function]]>
    </line>
    <line>
      <![CDATA[Logout Function]]>
    </line>
  </reporter-output>
  <suite name="Suite" duration-ms="313884" started-at="2017-11-09T13:06:39Z" finished-at="2017-11-09T13:11:53Z">
    <groups>
    </groups>
    <test name="Test" duration-ms="313884" started-at="2017-11-09T13:06:39Z" finished-at="2017-11-09T13:11:53Z">
      <class name="TestScripts.BBBuy">
        <test-method status="PASS" signature="confiBeforeSuite()[pri:0, instance:TestScripts.BBBuy@2a556333]" name="confiBeforeSuite" is-config="true" duration-ms="541" started-at="2017-11-09T18:36:38Z" finished-at="2017-11-09T18:36:39Z">
          <reporter-output>
          </reporter-output>
        </test-method> <!-- confiBeforeSuite -->
        <test-method status="PASS" signature="configBeforeClass()[pri:0, instance:TestScripts.BBBuy@2a556333]" name="configBeforeClass" is-config="true" duration-ms="6263" started-at="2017-11-09T18:36:39Z" finished-at="2017-11-09T18:36:45Z">
          <reporter-output>
            <line>
              <![CDATA[Launch Browser]]>
            </line>
          </reporter-output>
        </test-method> <!-- configBeforeClass -->
        <test-method status="PASS" signature="configBeforeMethod()[pri:0, instance:TestScripts.BBBuy@2a556333]" name="configBeforeMethod" is-config="true" duration-ms="92987" started-at="2017-11-09T18:36:45Z" finished-at="2017-11-09T18:38:18Z">
          <reporter-output>
            <line>
              <![CDATA[Login Function]]>
            </line>
          </reporter-output>
        </test-method> <!-- configBeforeMethod -->
        <test-method status="FAIL" signature="BBAddToMyBasket()[pri:0, instance:TestScripts.BBBuy@2a556333]" name="BBAddToMyBasket" duration-ms="5018" started-at="2017-11-09T18:38:18Z" finished-at="2017-11-09T18:38:23Z">
          <exception class="java.lang.NullPointerException">
            <full-stacktrace>
              <![CDATA[java.lang.NullPointerException
	at org.openqa.selenium.support.pagefactory.DefaultElementLocator.findElement(DefaultElementLocator.java:69)
	at org.openqa.selenium.support.pagefactory.internal.LocatingElementHandler.invoke(LocatingElementHandler.java:38)
	at com.sun.proxy.$Proxy11.click(Unknown Source)
	at ObjectRepo.BBHome.BBSpecialityTabClick(BBHome.java:90)
	at TestScripts.BBBuy.BBAddToMyBasket(BBBuy.java:131)
	at sun.reflect.NativeMethodAccessorImpl.invoke0(Native Method)
	at sun.reflect.NativeMethodAccessorImpl.invoke(NativeMethodAccessorImpl.java:62)
	at sun.reflect.DelegatingMethodAccessorImpl.invoke(DelegatingMethodAccessorImpl.java:43)
	at java.lang.reflect.Method.invoke(Method.java:498)
	at org.testng.internal.MethodInvocationHelper.invokeMethod(MethodInvocationHelper.java:85)
	at org.testng.internal.Invoker.invokeMethod(Invoker.java:639)
	at org.testng.internal.Invoker.invokeTestMethod(Invoker.java:816)
	at org.testng.internal.Invoker.invokeTestMethods(Invoker.java:1124)
	at org.testng.internal.TestMethodWorker.invokeTestMethods(TestMethodWorker.java:125)
	at org.testng.internal.TestMethodWorker.run(TestMethodWorker.java:108)
	at org.testng.TestRunner.privateRun(TestRunner.java:774)
	at org.testng.TestRunner.run(TestRunner.java:624)
	at org.testng.SuiteRunner.runTest(SuiteRunner.java:359)
	at org.testng.SuiteRunner.runSequentially(SuiteRunner.java:354)
	at org.testng.SuiteRunner.privateRun(SuiteRunner.java:312)
	at org.testng.SuiteRunner.run(SuiteRunner.java:261)
	at org.testng.SuiteRunnerWorker.runSuite(SuiteRunnerWorker.java:52)
	at org.testng.SuiteRunnerWorker.run(SuiteRunnerWorker.java:86)
	at org.testng.TestNG.runSuitesSequentially(TestNG.java:1215)
	at org.testng.TestNG.runSuitesLocally(TestNG.java:1140)
	at org.testng.TestNG.run(TestNG.java:1048)
	at org.testng.remote.AbstractRemoteTestNG.run(AbstractRemoteTestNG.java:114)
	at org.testng.remote.RemoteTestNG.initAndRun(RemoteTestNG.java:251)
	at org.testng.remote.RemoteTestNG.main(RemoteTestNG.java:77)
]]>
            </full-stacktrace>
          </exception> <!-- java.lang.NullPointerException -->
          <reporter-output>
          </reporter-output>
        </test-method> <!-- BBAddToMyBasket -->
        <test-method status="PASS" signature="configAfterMethod()[pri:0, instance:TestScripts.BBBuy@2a556333]" name="configAfterMethod" is-config="true" duration-ms="25333" started-at="2017-11-09T18:38:23Z" finished-at="2017-11-09T18:38:48Z">
          <reporter-output>
            <line>
              <![CDATA[Logout Function]]>
            </line>
          </reporter-output>
        </test-method> <!-- configAfterMethod -->
        <test-method status="PASS" signature="configBeforeMethod()[pri:0, instance:TestScripts.BBBuy@2a556333]" name="configBeforeMethod" is-config="true" duration-ms="84740" started-at="2017-11-09T18:38:48Z" finished-at="2017-11-09T18:40:13Z">
          <reporter-output>
            <line>
              <![CDATA[Login Function]]>
            </line>
          </reporter-output>
        </test-method> <!-- configBeforeMethod -->
        <test-method status="FAIL" signature="BBBuySweets()[pri:0, instance:TestScripts.BBBuy@2a556333]" name="BBBuySweets" duration-ms="10017" started-at="2017-11-09T18:40:13Z" finished-at="2017-11-09T18:40:23Z">
          <exception class="java.lang.NullPointerException">
            <full-stacktrace>
              <![CDATA[java.lang.NullPointerException
	at org.openqa.selenium.support.pagefactory.DefaultElementLocator.findElement(DefaultElementLocator.java:69)
	at org.openqa.selenium.support.pagefactory.internal.LocatingElementHandler.invoke(LocatingElementHandler.java:38)
	at com.sun.proxy.$Proxy11.sendKeys(Unknown Source)
	at TestScripts.BBBuy.BBBuySweets(BBBuy.java:71)
	at sun.reflect.NativeMethodAccessorImpl.invoke0(Native Method)
	at sun.reflect.NativeMethodAccessorImpl.invoke(NativeMethodAccessorImpl.java:62)
	at sun.reflect.DelegatingMethodAccessorImpl.invoke(DelegatingMethodAccessorImpl.java:43)
	at java.lang.reflect.Method.invoke(Method.java:498)
	at org.testng.internal.MethodInvocationHelper.invokeMethod(MethodInvocationHelper.java:85)
	at org.testng.internal.Invoker.invokeMethod(Invoker.java:639)
	at org.testng.internal.Invoker.invokeTestMethod(Invoker.java:816)
	at org.testng.internal.Invoker.invokeTestMethods(Invoker.java:1124)
	at org.testng.internal.TestMethodWorker.invokeTestMethods(TestMethodWorker.java:125)
	at org.testng.internal.TestMethodWorker.run(TestMethodWorker.java:108)
	at org.testng.TestRunner.privateRun(TestRunner.java:774)
	at org.testng.TestRunner.run(TestRunner.java:624)
	at org.testng.SuiteRunner.runTest(SuiteRunner.java:359)
	at org.testng.SuiteRunner.runSequentially(SuiteRunner.java:354)
	at org.testng.SuiteRunner.privateRun(SuiteRunner.java:312)
	at org.testng.SuiteRunner.run(SuiteRunner.java:261)
	at org.testng.SuiteRunnerWorker.runSuite(SuiteRunnerWorker.java:52)
	at org.testng.SuiteRunnerWorker.run(SuiteRunnerWorker.java:86)
	at org.testng.TestNG.runSuitesSequentially(TestNG.java:1215)
	at org.testng.TestNG.runSuitesLocally(TestNG.java:1140)
	at org.testng.TestNG.run(TestNG.java:1048)
	at org.testng.remote.AbstractRemoteTestNG.run(AbstractRemoteTestNG.java:114)
	at org.testng.remote.RemoteTestNG.initAndRun(RemoteTestNG.java:251)
	at org.testng.remote.RemoteTestNG.main(RemoteTestNG.java:77)
]]>
            </full-stacktrace>
          </exception> <!-- java.lang.NullPointerException -->
          <reporter-output>
          </reporter-output>
        </test-method> <!-- BBBuySweets -->
        <test-method status="PASS" signature="configAfterMethod()[pri:0, instance:TestScripts.BBBuy@2a556333]" name="configAfterMethod" is-config="true" duration-ms="23896" started-at="2017-11-09T18:40:23Z" finished-at="2017-11-09T18:40:47Z">
          <reporter-output>
            <line>
              <![CDATA[Logout Function]]>
            </line>
          </reporter-output>
        </test-method> <!-- configAfterMethod -->
        <test-method status="FAIL" signature="configBeforeMethod()[pri:0, instance:TestScripts.BBBuy@2a556333]" name="configBeforeMethod" is-config="true" duration-ms="0" started-at="2017-11-09T18:40:47Z" finished-at="2017-11-09T18:40:47Z">
          <exception class="org.openqa.selenium.NoSuchWindowException">
            <message>
              <![CDATA[no such window: target window already closed
from unknown error: web view not found
  (Session info: chrome=60.0.3112.113)
  (Driver info: chromedriver=2.33.506092 (733a02544d189eeb751fe0d7ddca79a0ee28cce4),platform=Linux 4.10.0-38-generic x86_64) (WARNING: The server did not provide any stacktrace information)
Command duration or timeout: 7 milliseconds
Build info: version: '2.53.0', revision: '35ae25b1534ae328c771e0856c93e187490ca824', time: '2016-03-15 10:43:46'
System info: host: 'N/A', ip: 'N/A', os.name: 'Linux', os.arch: 'amd64', os.version: '4.10.0-38-generic', java.version: '1.8.0_151'
Driver info: org.openqa.selenium.chrome.ChromeDriver
Capabilities [{applicationCacheEnabled=false, rotatable=false, mobileEmulationEnabled=false, networkConnectionEnabled=false, chrome={chromedriverVersion=2.33.506092 (733a02544d189eeb751fe0d7ddca79a0ee28cce4), userDataDir=/tmp/.org.chromium.Chromium.nhVobM}, takesHeapSnapshot=true, pageLoadStrategy=normal, databaseEnabled=false, handlesAlerts=true, hasTouchScreen=false, version=60.0.3112.113, platform=LINUX, browserConnectionEnabled=false, nativeEvents=true, acceptSslCerts=true, locationContextEnabled=true, webStorageEnabled=true, browserName=chrome, takesScreenshot=true, javascriptEnabled=true, cssSelectorsEnabled=true, setWindowRect=true, unexpectedAlertBehaviour=}]
Session ID: ef121cc6f02cebe237bb749a1bd86b91
*** Element info: {Using=xpath, value=//div/a[2][.='Continue']}]]>
            </message>
            <full-stacktrace>
              <![CDATA[org.openqa.selenium.NoSuchWindowException: no such window: target window already closed
from unknown error: web view not found
  (Session info: chrome=60.0.3112.113)
  (Driver info: chromedriver=2.33.506092 (733a02544d189eeb751fe0d7ddca79a0ee28cce4),platform=Linux 4.10.0-38-generic x86_64) (WARNING: The server did not provide any stacktrace information)
Command duration or timeout: 7 milliseconds
Build info: version: '2.53.0', revision: '35ae25b1534ae328c771e0856c93e187490ca824', time: '2016-03-15 10:43:46'
System info: host: 'N/A', ip: 'N/A', os.name: 'Linux', os.arch: 'amd64', os.version: '4.10.0-38-generic', java.version: '1.8.0_151'
Driver info: org.openqa.selenium.chrome.ChromeDriver
Capabilities [{applicationCacheEnabled=false, rotatable=false, mobileEmulationEnabled=false, networkConnectionEnabled=false, chrome={chromedriverVersion=2.33.506092 (733a02544d189eeb751fe0d7ddca79a0ee28cce4), userDataDir=/tmp/.org.chromium.Chromium.nhVobM}, takesHeapSnapshot=true, pageLoadStrategy=normal, databaseEnabled=false, handlesAlerts=true, hasTouchScreen=false, version=60.0.3112.113, platform=LINUX, browserConnectionEnabled=false, nativeEvents=true, acceptSslCerts=true, locationContextEnabled=true, webStorageEnabled=true, browserName=chrome, takesScreenshot=true, javascriptEnabled=true, cssSelectorsEnabled=true, setWindowRect=true, unexpectedAlertBehaviour=}]
Session ID: ef121cc6f02cebe237bb749a1bd86b91
*** Element info: {Using=xpath, value=//div/a[2][.='Continue']}
	at sun.reflect.NativeConstructorAccessorImpl.newInstance0(Native Method)
	at sun.reflect.NativeConstructorAccessorImpl.newInstance(NativeConstructorAccessorImpl.java:62)
	at sun.reflect.DelegatingConstructorAccessorImpl.newInstance(DelegatingConstructorAccessorImpl.java:45)
	at java.lang.reflect.Constructor.newInstance(Constructor.java:423)
	at org.openqa.selenium.remote.ErrorHandler.createThrowable(ErrorHandler.java:206)
	at org.openqa.selenium.remote.ErrorHandler.throwIfResponseFailed(ErrorHandler.java:158)
	at org.openqa.selenium.remote.RemoteWebDriver.execute(RemoteWebDriver.java:678)
	at org.openqa.selenium.remote.RemoteWebDriver.findElement(RemoteWebDriver.java:363)
	at org.openqa.selenium.remote.RemoteWebDriver.findElementByXPath(RemoteWebDriver.java:500)
	at org.openqa.selenium.By$ByXPath.findElement(By.java:361)
	at org.openqa.selenium.remote.RemoteWebDriver.findElement(RemoteWebDriver.java:355)
	at org.openqa.selenium.support.pagefactory.DefaultElementLocator.findElement(DefaultElementLocator.java:69)
	at org.openqa.selenium.support.pagefactory.internal.LocatingElementHandler.invoke(LocatingElementHandler.java:38)
	at com.sun.proxy.$Proxy11.click(Unknown Source)
	at ObjectRepo.BBHome.ContinuePopup(BBHome.java:128)
	at GeneralLib.BaseLib.configBeforeMethod(BaseLib.java:91)
	at sun.reflect.NativeMethodAccessorImpl.invoke0(Native Method)
	at sun.reflect.NativeMethodAccessorImpl.invoke(NativeMethodAccessorImpl.java:62)
	at sun.reflect.DelegatingMethodAccessorImpl.invoke(DelegatingMethodAccessorImpl.java:43)
	at java.lang.reflect.Method.invoke(Method.java:498)
	at org.testng.internal.MethodInvocationHelper.invokeMethod(MethodInvocationHelper.java:85)
	at org.testng.internal.Invoker.invokeConfigurationMethod(Invoker.java:510)
	at org.testng.internal.Invoker.invokeConfigurations(Invoker.java:211)
	at org.testng.internal.Invoker.invokeMethod(Invoker.java:585)
	at org.testng.internal.Invoker.invokeTestMethod(Invoker.java:816)
	at org.testng.internal.Invoker.invokeTestMethods(Invoker.java:1124)
	at org.testng.internal.TestMethodWorker.invokeTestMethods(TestMethodWorker.java:125)
	at org.testng.internal.TestMethodWorker.run(TestMethodWorker.java:108)
	at org.testng.TestRunner.privateRun(TestRunner.java:774)
	at org.testng.TestRunner.run(TestRunner.java:624)
	at org.testng.SuiteRunner.runTest(SuiteRunner.java:359)
	at org.testng.SuiteRunner.runSequentially(SuiteRunner.java:354)
	at org.testng.SuiteRunner.privateRun(SuiteRunner.java:312)
	at org.testng.SuiteRunner.run(SuiteRunner.java:261)
	at org.testng.SuiteRunnerWorker.runSuite(SuiteRunnerWorker.java:52)
	at org.testng.SuiteRunnerWorker.run(SuiteRunnerWorker.java:86)
	at org.testng.TestNG.runSuitesSequentially(TestNG.java:1215)
	at org.testng.TestNG.runSuitesLocally(TestNG.java:1140)
	at org.testng.TestNG.run(TestNG.java:1048)
	at org.testng.remote.AbstractRemoteTestNG.run(AbstractRemoteTestNG.java:114)
	at org.testng.remote.RemoteTestNG.initAndRun(RemoteTestNG.java:251)
	at org.testng.remote.RemoteTestNG.main(RemoteTestNG.java:77)
]]>
            </full-stacktrace>
          </exception> <!-- org.openqa.selenium.NoSuchWindowException -->
          <reporter-output>
          </reporter-output>
        </test-method> <!-- configBeforeMethod -->
        <test-method status="SKIP" signature="BBCancelMyOrder()[pri:0, instance:TestScripts.BBBuy@2a556333]" name="BBCancelMyOrder" duration-ms="1" started-at="2017-11-09T18:41:53Z" finished-at="2017-11-09T18:41:53Z">
          <reporter-output>
          </reporter-output>
        </test-method> <!-- BBCancelMyOrder -->
        <test-method status="SKIP" signature="configAfterMethod()[pri:0, instance:TestScripts.BBBuy@2a556333]" name="configAfterMethod" is-config="true" duration-ms="0" started-at="2017-11-09T18:41:53Z" finished-at="2017-11-09T18:41:53Z">
          <reporter-output>
          </reporter-output>
        </test-method> <!-- configAfterMethod -->
        <test-method status="SKIP" signature="configBeforeMethod()[pri:0, instance:TestScripts.BBBuy@2a556333]" name="configBeforeMethod" is-config="true" duration-ms="0" started-at="2017-11-09T18:41:53Z" finished-at="2017-11-09T18:41:53Z">
          <reporter-output>
          </reporter-output>
        </test-method> <!-- configBeforeMethod -->
        <test-method status="SKIP" signature="BBDecreaseItemQuantity()[pri:0, instance:TestScripts.BBBuy@2a556333]" name="BBDecreaseItemQuantity" duration-ms="1" started-at="2017-11-09T18:41:53Z" finished-at="2017-11-09T18:41:53Z">
          <reporter-output>
          </reporter-output>
        </test-method> <!-- BBDecreaseItemQuantity -->
        <test-method status="SKIP" signature="configAfterMethod()[pri:0, instance:TestScripts.BBBuy@2a556333]" name="configAfterMethod" is-config="true" duration-ms="0" started-at="2017-11-09T18:41:53Z" finished-at="2017-11-09T18:41:53Z">
          <reporter-output>
          </reporter-output>
        </test-method> <!-- configAfterMethod -->
        <test-method status="SKIP" signature="configBeforeMethod()[pri:0, instance:TestScripts.BBBuy@2a556333]" name="configBeforeMethod" is-config="true" duration-ms="0" started-at="2017-11-09T18:41:53Z" finished-at="2017-11-09T18:41:53Z">
          <reporter-output>
          </reporter-output>
        </test-method> <!-- configBeforeMethod -->
        <test-method status="SKIP" signature="BBEmptyBasket()[pri:0, instance:TestScripts.BBBuy@2a556333]" name="BBEmptyBasket" duration-ms="1" started-at="2017-11-09T18:41:53Z" finished-at="2017-11-09T18:41:53Z">
          <reporter-output>
          </reporter-output>
        </test-method> <!-- BBEmptyBasket -->
        <test-method status="SKIP" signature="configAfterMethod()[pri:0, instance:TestScripts.BBBuy@2a556333]" name="configAfterMethod" is-config="true" duration-ms="0" started-at="2017-11-09T18:41:53Z" finished-at="2017-11-09T18:41:53Z">
          <reporter-output>
          </reporter-output>
        </test-method> <!-- configAfterMethod -->
        <test-method status="SKIP" signature="configBeforeMethod()[pri:0, instance:TestScripts.BBBuy@2a556333]" name="configBeforeMethod" is-config="true" duration-ms="0" started-at="2017-11-09T18:41:53Z" finished-at="2017-11-09T18:41:53Z">
          <reporter-output>
          </reporter-output>
        </test-method> <!-- configBeforeMethod -->
        <test-method status="SKIP" signature="BBFilterOnContents()[pri:0, instance:TestScripts.BBBuy@2a556333]" name="BBFilterOnContents" duration-ms="2" started-at="2017-11-09T18:41:53Z" finished-at="2017-11-09T18:41:53Z">
          <reporter-output>
          </reporter-output>
        </test-method> <!-- BBFilterOnContents -->
        <test-method status="SKIP" signature="configAfterMethod()[pri:0, instance:TestScripts.BBBuy@2a556333]" name="configAfterMethod" is-config="true" duration-ms="0" started-at="2017-11-09T18:41:53Z" finished-at="2017-11-09T18:41:53Z">
          <reporter-output>
          </reporter-output>
        </test-method> <!-- configAfterMethod -->
        <test-method status="SKIP" signature="configBeforeMethod()[pri:0, instance:TestScripts.BBBuy@2a556333]" name="configBeforeMethod" is-config="true" duration-ms="0" started-at="2017-11-09T18:41:53Z" finished-at="2017-11-09T18:41:53Z">
          <reporter-output>
          </reporter-output>
        </test-method> <!-- configBeforeMethod -->
        <test-method status="SKIP" signature="BBFilterOnFlavour()[pri:0, instance:TestScripts.BBBuy@2a556333]" name="BBFilterOnFlavour" duration-ms="2" started-at="2017-11-09T18:41:53Z" finished-at="2017-11-09T18:41:53Z">
          <reporter-output>
          </reporter-output>
        </test-method> <!-- BBFilterOnFlavour -->
        <test-method status="SKIP" signature="configAfterMethod()[pri:0, instance:TestScripts.BBBuy@2a556333]" name="configAfterMethod" is-config="true" duration-ms="0" started-at="2017-11-09T18:41:53Z" finished-at="2017-11-09T18:41:53Z">
          <reporter-output>
          </reporter-output>
        </test-method> <!-- configAfterMethod -->
        <test-method status="SKIP" signature="configBeforeMethod()[pri:0, instance:TestScripts.BBBuy@2a556333]" name="configBeforeMethod" is-config="true" duration-ms="0" started-at="2017-11-09T18:41:53Z" finished-at="2017-11-09T18:41:53Z">
          <reporter-output>
          </reporter-output>
        </test-method> <!-- configBeforeMethod -->
        <test-method status="SKIP" signature="BBFilterOnprice()[pri:0, instance:TestScripts.BBBuy@2a556333]" name="BBFilterOnprice" duration-ms="1" started-at="2017-11-09T18:41:53Z" finished-at="2017-11-09T18:41:53Z">
          <reporter-output>
          </reporter-output>
        </test-method> <!-- BBFilterOnprice -->
        <test-method status="SKIP" signature="configAfterMethod()[pri:0, instance:TestScripts.BBBuy@2a556333]" name="configAfterMethod" is-config="true" duration-ms="0" started-at="2017-11-09T18:41:53Z" finished-at="2017-11-09T18:41:53Z">
          <reporter-output>
          </reporter-output>
        </test-method> <!-- configAfterMethod -->
        <test-method status="SKIP" signature="configBeforeMethod()[pri:0, instance:TestScripts.BBBuy@2a556333]" name="configBeforeMethod" is-config="true" duration-ms="0" started-at="2017-11-09T18:41:53Z" finished-at="2017-11-09T18:41:53Z">
          <reporter-output>
          </reporter-output>
        </test-method> <!-- configBeforeMethod -->
        <test-method status="SKIP" signature="BBIncreaseItemQuantity()[pri:0, instance:TestScripts.BBBuy@2a556333]" name="BBIncreaseItemQuantity" duration-ms="2" started-at="2017-11-09T18:41:53Z" finished-at="2017-11-09T18:41:53Z">
          <reporter-output>
          </reporter-output>
        </test-method> <!-- BBIncreaseItemQuantity -->
        <test-method status="SKIP" signature="configAfterMethod()[pri:0, instance:TestScripts.BBBuy@2a556333]" name="configAfterMethod" is-config="true" duration-ms="0" started-at="2017-11-09T18:41:53Z" finished-at="2017-11-09T18:41:53Z">
          <reporter-output>
          </reporter-output>
        </test-method> <!-- configAfterMethod -->
        <test-method status="SKIP" signature="configBeforeMethod()[pri:0, instance:TestScripts.BBBuy@2a556333]" name="configBeforeMethod" is-config="true" duration-ms="0" started-at="2017-11-09T18:41:53Z" finished-at="2017-11-09T18:41:53Z">
          <reporter-output>
          </reporter-output>
        </test-method> <!-- configBeforeMethod -->
        <test-method status="SKIP" signature="BBMoreStores()[pri:0, instance:TestScripts.BBBuy@2a556333]" name="BBMoreStores" duration-ms="2" started-at="2017-11-09T18:41:53Z" finished-at="2017-11-09T18:41:53Z">
          <reporter-output>
          </reporter-output>
        </test-method> <!-- BBMoreStores -->
        <test-method status="SKIP" signature="configAfterMethod()[pri:0, instance:TestScripts.BBBuy@2a556333]" name="configAfterMethod" is-config="true" duration-ms="0" started-at="2017-11-09T18:41:53Z" finished-at="2017-11-09T18:41:53Z">
          <reporter-output>
          </reporter-output>
        </test-method> <!-- configAfterMethod -->
        <test-method status="SKIP" signature="configBeforeMethod()[pri:0, instance:TestScripts.BBBuy@2a556333]" name="configBeforeMethod" is-config="true" duration-ms="0" started-at="2017-11-09T18:41:53Z" finished-at="2017-11-09T18:41:53Z">
          <reporter-output>
          </reporter-output>
        </test-method> <!-- configBeforeMethod -->
        <test-method status="SKIP" signature="BBRemoveItemFromMyBasket()[pri:0, instance:TestScripts.BBBuy@2a556333]" name="BBRemoveItemFromMyBasket" duration-ms="4" started-at="2017-11-09T18:41:53Z" finished-at="2017-11-09T18:41:53Z">
          <reporter-output>
          </reporter-output>
        </test-method> <!-- BBRemoveItemFromMyBasket -->
        <test-method status="SKIP" signature="configAfterMethod()[pri:0, instance:TestScripts.BBBuy@2a556333]" name="configAfterMethod" is-config="true" duration-ms="0" started-at="2017-11-09T18:41:53Z" finished-at="2017-11-09T18:41:53Z">
          <reporter-output>
          </reporter-output>
        </test-method> <!-- configAfterMethod -->
        <test-method status="SKIP" signature="configAfterClass()[pri:0, instance:TestScripts.BBBuy@2a556333]" name="configAfterClass" is-config="true" duration-ms="0" started-at="2017-11-09T18:41:53Z" finished-at="2017-11-09T18:41:53Z">
          <reporter-output>
          </reporter-output>
        </test-method> <!-- configAfterClass -->
        <test-method status="SKIP" signature="configAfterSuite()[pri:0, instance:TestScripts.BBBuy@2a556333]" name="configAfterSuite" is-config="true" duration-ms="0" started-at="2017-11-09T18:41:53Z" finished-at="2017-11-09T18:41:53Z">
          <reporter-output>
          </reporter-output>
        </test-method> <!-- configAfterSuite -->
      </class> <!-- TestScripts.BBBuy -->
    </test> <!-- Test -->
  </suite> <!-- Suite -->
</testng-results>
