<?xml version="1.0" encoding="UTF-8"?>
<testng-results skipped="11" failed="0" total="11" passed="0">
  <reporter-output>
    <line>
      <![CDATA[Launch Browser]]>
    </line>
  </reporter-output>
  <suite name="Suite" duration-ms="106960" started-at="2017-11-15T13:06:22Z" finished-at="2017-11-15T13:08:09Z">
    <groups>
    </groups>
    <test name="Test" duration-ms="106960" started-at="2017-11-15T13:06:22Z" finished-at="2017-11-15T13:08:09Z">
      <class name="TestScripts.BBBuy">
        <test-method status="PASS" signature="confiBeforeSuite()[pri:0, instance:TestScripts.BBBuy@5b87ed94]" name="confiBeforeSuite" is-config="true" duration-ms="1151" started-at="2017-11-15T18:36:21Z" finished-at="2017-11-15T18:36:22Z">
          <reporter-output>
          </reporter-output>
        </test-method> <!-- confiBeforeSuite -->
        <test-method status="PASS" signature="configBeforeClass()[pri:0, instance:TestScripts.BBBuy@5b87ed94]" name="configBeforeClass" is-config="true" duration-ms="17665" started-at="2017-11-15T18:36:22Z" finished-at="2017-11-15T18:36:40Z">
          <reporter-output>
            <line>
              <![CDATA[Launch Browser]]>
            </line>
          </reporter-output>
        </test-method> <!-- configBeforeClass -->
        <test-method status="FAIL" signature="configBeforeMethod()[pri:0, instance:TestScripts.BBBuy@5b87ed94]" name="configBeforeMethod" is-config="true" duration-ms="0" started-at="2017-11-15T18:36:40Z" finished-at="2017-11-15T18:36:40Z">
          <exception class="org.openqa.selenium.WebDriverException">
            <message>
              <![CDATA[chrome not reachable
  (Session info: chrome=60.0.3112.113)
  (Driver info: chromedriver=2.33.506092 (733a02544d189eeb751fe0d7ddca79a0ee28cce4),platform=Linux 4.10.0-38-generic x86_64) (WARNING: The server did not provide any stacktrace information)
Command duration or timeout: 96 milliseconds
Build info: version: '2.53.0', revision: '35ae25b1534ae328c771e0856c93e187490ca824', time: '2016-03-15 10:43:46'
System info: host: 'QSP-024', ip: '198.105.244.11', os.name: 'Linux', os.arch: 'amd64', os.version: '4.10.0-38-generic', java.version: '1.8.0_151'
Driver info: org.openqa.selenium.chrome.ChromeDriver
Capabilities [{applicationCacheEnabled=false, rotatable=false, mobileEmulationEnabled=false, networkConnectionEnabled=false, chrome={chromedriverVersion=2.33.506092 (733a02544d189eeb751fe0d7ddca79a0ee28cce4), userDataDir=/tmp/.org.chromium.Chromium.jADVUG}, takesHeapSnapshot=true, pageLoadStrategy=normal, databaseEnabled=false, handlesAlerts=true, hasTouchScreen=false, version=60.0.3112.113, platform=LINUX, browserConnectionEnabled=false, nativeEvents=true, acceptSslCerts=true, locationContextEnabled=true, webStorageEnabled=true, browserName=chrome, takesScreenshot=true, javascriptEnabled=true, cssSelectorsEnabled=true, setWindowRect=true, unexpectedAlertBehaviour=}]
Session ID: 4362a502805b0d204f9e6eb6ac7cd214]]>
            </message>
            <full-stacktrace>
              <![CDATA[org.openqa.selenium.WebDriverException: chrome not reachable
  (Session info: chrome=60.0.3112.113)
  (Driver info: chromedriver=2.33.506092 (733a02544d189eeb751fe0d7ddca79a0ee28cce4),platform=Linux 4.10.0-38-generic x86_64) (WARNING: The server did not provide any stacktrace information)
Command duration or timeout: 96 milliseconds
Build info: version: '2.53.0', revision: '35ae25b1534ae328c771e0856c93e187490ca824', time: '2016-03-15 10:43:46'
System info: host: 'QSP-024', ip: '198.105.244.11', os.name: 'Linux', os.arch: 'amd64', os.version: '4.10.0-38-generic', java.version: '1.8.0_151'
Driver info: org.openqa.selenium.chrome.ChromeDriver
Capabilities [{applicationCacheEnabled=false, rotatable=false, mobileEmulationEnabled=false, networkConnectionEnabled=false, chrome={chromedriverVersion=2.33.506092 (733a02544d189eeb751fe0d7ddca79a0ee28cce4), userDataDir=/tmp/.org.chromium.Chromium.jADVUG}, takesHeapSnapshot=true, pageLoadStrategy=normal, databaseEnabled=false, handlesAlerts=true, hasTouchScreen=false, version=60.0.3112.113, platform=LINUX, browserConnectionEnabled=false, nativeEvents=true, acceptSslCerts=true, locationContextEnabled=true, webStorageEnabled=true, browserName=chrome, takesScreenshot=true, javascriptEnabled=true, cssSelectorsEnabled=true, setWindowRect=true, unexpectedAlertBehaviour=}]
Session ID: 4362a502805b0d204f9e6eb6ac7cd214
	at sun.reflect.NativeConstructorAccessorImpl.newInstance0(Native Method)
	at sun.reflect.NativeConstructorAccessorImpl.newInstance(NativeConstructorAccessorImpl.java:62)
	at sun.reflect.DelegatingConstructorAccessorImpl.newInstance(DelegatingConstructorAccessorImpl.java:45)
	at java.lang.reflect.Constructor.newInstance(Constructor.java:423)
	at org.openqa.selenium.remote.ErrorHandler.createThrowable(ErrorHandler.java:206)
	at org.openqa.selenium.remote.ErrorHandler.throwIfResponseFailed(ErrorHandler.java:158)
	at org.openqa.selenium.remote.RemoteWebDriver.execute(RemoteWebDriver.java:678)
	at org.openqa.selenium.remote.RemoteWebDriver.execute(RemoteWebDriver.java:701)
	at org.openqa.selenium.remote.RemoteWebDriver$RemoteNavigation.refresh(RemoteWebDriver.java:977)
	at GeneralLib.BaseLib.configBeforeMethod(BaseLib.java:91)
	at sun.reflect.NativeMethodAccessorImpl.invoke0(Native Method)
	at sun.reflect.NativeMethodAccessorImpl.invoke(NativeMethodAccessorImpl.java:62)
	at sun.reflect.DelegatingMethodAccessorImpl.invoke(DelegatingMethodAccessorImpl.java:43)
	at java.lang.reflect.Method.invoke(Method.java:498)
	at org.testng.internal.MethodInvocationHelper.invokeMethod(MethodInvocationHelper.java:85)
	at org.testng.internal.Invoker.invokeConfigurationMethod(Invoker.java:510)
	at org.testng.internal.Invoker.invokeConfigurations(Invoker.java:211)
	at org.testng.internal.Invoker.invokeMethod(Invoker.java:585)
	at org.testng.internal.Invoker.invokeTestMethod(Invoker.java:816)
	at org.testng.internal.Invoker.invokeTestMethods(Invoker.java:1124)
	at org.testng.internal.TestMethodWorker.invokeTestMethods(TestMethodWorker.java:125)
	at org.testng.internal.TestMethodWorker.run(TestMethodWorker.java:108)
	at org.testng.TestRunner.privateRun(TestRunner.java:774)
	at org.testng.TestRunner.run(TestRunner.java:624)
	at org.testng.SuiteRunner.runTest(SuiteRunner.java:359)
	at org.testng.SuiteRunner.runSequentially(SuiteRunner.java:354)
	at org.testng.SuiteRunner.privateRun(SuiteRunner.java:312)
	at org.testng.SuiteRunner.run(SuiteRunner.java:261)
	at org.testng.SuiteRunnerWorker.runSuite(SuiteRunnerWorker.java:52)
	at org.testng.SuiteRunnerWorker.run(SuiteRunnerWorker.java:86)
	at org.testng.TestNG.runSuitesSequentially(TestNG.java:1215)
	at org.testng.TestNG.runSuitesLocally(TestNG.java:1140)
	at org.testng.TestNG.run(TestNG.java:1048)
	at org.testng.remote.AbstractRemoteTestNG.run(AbstractRemoteTestNG.java:114)
	at org.testng.remote.RemoteTestNG.initAndRun(RemoteTestNG.java:251)
	at org.testng.remote.RemoteTestNG.main(RemoteTestNG.java:77)
]]>
            </full-stacktrace>
          </exception> <!-- org.openqa.selenium.WebDriverException -->
          <reporter-output>
          </reporter-output>
        </test-method> <!-- configBeforeMethod -->
        <test-method status="SKIP" signature="BBAddToMyBasket()[pri:0, instance:TestScripts.BBBuy@5b87ed94]" name="BBAddToMyBasket" duration-ms="2" started-at="2017-11-15T18:38:09Z" finished-at="2017-11-15T18:38:09Z">
          <reporter-output>
          </reporter-output>
        </test-method> <!-- BBAddToMyBasket -->
        <test-method status="SKIP" signature="configAfterMethod()[pri:0, instance:TestScripts.BBBuy@5b87ed94]" name="configAfterMethod" is-config="true" duration-ms="0" started-at="2017-11-15T18:38:09Z" finished-at="2017-11-15T18:38:09Z">
          <reporter-output>
          </reporter-output>
        </test-method> <!-- configAfterMethod -->
        <test-method status="SKIP" signature="configBeforeMethod()[pri:0, instance:TestScripts.BBBuy@5b87ed94]" name="configBeforeMethod" is-config="true" duration-ms="0" started-at="2017-11-15T18:38:09Z" finished-at="2017-11-15T18:38:09Z">
          <reporter-output>
          </reporter-output>
        </test-method> <!-- configBeforeMethod -->
        <test-method status="SKIP" signature="BBBuySweets()[pri:0, instance:TestScripts.BBBuy@5b87ed94]" name="BBBuySweets" duration-ms="2" started-at="2017-11-15T18:38:09Z" finished-at="2017-11-15T18:38:09Z">
          <reporter-output>
          </reporter-output>
        </test-method> <!-- BBBuySweets -->
        <test-method status="SKIP" signature="configAfterMethod()[pri:0, instance:TestScripts.BBBuy@5b87ed94]" name="configAfterMethod" is-config="true" duration-ms="0" started-at="2017-11-15T18:38:09Z" finished-at="2017-11-15T18:38:09Z">
          <reporter-output>
          </reporter-output>
        </test-method> <!-- configAfterMethod -->
        <test-method status="SKIP" signature="configBeforeMethod()[pri:0, instance:TestScripts.BBBuy@5b87ed94]" name="configBeforeMethod" is-config="true" duration-ms="0" started-at="2017-11-15T18:38:09Z" finished-at="2017-11-15T18:38:09Z">
          <reporter-output>
          </reporter-output>
        </test-method> <!-- configBeforeMethod -->
        <test-method status="SKIP" signature="BBCancelMyOrder()[pri:0, instance:TestScripts.BBBuy@5b87ed94]" name="BBCancelMyOrder" duration-ms="2" started-at="2017-11-15T18:38:09Z" finished-at="2017-11-15T18:38:09Z">
          <reporter-output>
          </reporter-output>
        </test-method> <!-- BBCancelMyOrder -->
        <test-method status="SKIP" signature="configAfterMethod()[pri:0, instance:TestScripts.BBBuy@5b87ed94]" name="configAfterMethod" is-config="true" duration-ms="0" started-at="2017-11-15T18:38:09Z" finished-at="2017-11-15T18:38:09Z">
          <reporter-output>
          </reporter-output>
        </test-method> <!-- configAfterMethod -->
        <test-method status="SKIP" signature="configBeforeMethod()[pri:0, instance:TestScripts.BBBuy@5b87ed94]" name="configBeforeMethod" is-config="true" duration-ms="0" started-at="2017-11-15T18:38:09Z" finished-at="2017-11-15T18:38:09Z">
          <reporter-output>
          </reporter-output>
        </test-method> <!-- configBeforeMethod -->
        <test-method status="SKIP" signature="BBDecreaseItemQuantity()[pri:0, instance:TestScripts.BBBuy@5b87ed94]" name="BBDecreaseItemQuantity" duration-ms="1" started-at="2017-11-15T18:38:09Z" finished-at="2017-11-15T18:38:09Z">
          <reporter-output>
          </reporter-output>
        </test-method> <!-- BBDecreaseItemQuantity -->
        <test-method status="SKIP" signature="configAfterMethod()[pri:0, instance:TestScripts.BBBuy@5b87ed94]" name="configAfterMethod" is-config="true" duration-ms="0" started-at="2017-11-15T18:38:09Z" finished-at="2017-11-15T18:38:09Z">
          <reporter-output>
          </reporter-output>
        </test-method> <!-- configAfterMethod -->
        <test-method status="SKIP" signature="configBeforeMethod()[pri:0, instance:TestScripts.BBBuy@5b87ed94]" name="configBeforeMethod" is-config="true" duration-ms="0" started-at="2017-11-15T18:38:09Z" finished-at="2017-11-15T18:38:09Z">
          <reporter-output>
          </reporter-output>
        </test-method> <!-- configBeforeMethod -->
        <test-method status="SKIP" signature="BBEmptyBasket()[pri:0, instance:TestScripts.BBBuy@5b87ed94]" name="BBEmptyBasket" duration-ms="1" started-at="2017-11-15T18:38:09Z" finished-at="2017-11-15T18:38:09Z">
          <reporter-output>
          </reporter-output>
        </test-method> <!-- BBEmptyBasket -->
        <test-method status="SKIP" signature="configAfterMethod()[pri:0, instance:TestScripts.BBBuy@5b87ed94]" name="configAfterMethod" is-config="true" duration-ms="0" started-at="2017-11-15T18:38:09Z" finished-at="2017-11-15T18:38:09Z">
          <reporter-output>
          </reporter-output>
        </test-method> <!-- configAfterMethod -->
        <test-method status="SKIP" signature="BBFilterOnContents()[pri:0, instance:TestScripts.BBBuy@5b87ed94]" name="BBFilterOnContents" duration-ms="1" started-at="2017-11-15T18:38:09Z" finished-at="2017-11-15T18:38:09Z">
          <reporter-output>
          </reporter-output>
        </test-method> <!-- BBFilterOnContents -->
        <test-method status="SKIP" signature="configBeforeMethod()[pri:0, instance:TestScripts.BBBuy@5b87ed94]" name="configBeforeMethod" is-config="true" duration-ms="0" started-at="2017-11-15T18:38:09Z" finished-at="2017-11-15T18:38:09Z">
          <reporter-output>
          </reporter-output>
        </test-method> <!-- configBeforeMethod -->
        <test-method status="SKIP" signature="configAfterMethod()[pri:0, instance:TestScripts.BBBuy@5b87ed94]" name="configAfterMethod" is-config="true" duration-ms="0" started-at="2017-11-15T18:38:09Z" finished-at="2017-11-15T18:38:09Z">
          <reporter-output>
          </reporter-output>
        </test-method> <!-- configAfterMethod -->
        <test-method status="SKIP" signature="configBeforeMethod()[pri:0, instance:TestScripts.BBBuy@5b87ed94]" name="configBeforeMethod" is-config="true" duration-ms="0" started-at="2017-11-15T18:38:09Z" finished-at="2017-11-15T18:38:09Z">
          <reporter-output>
          </reporter-output>
        </test-method> <!-- configBeforeMethod -->
        <test-method status="SKIP" signature="BBFilterOnFlavour()[pri:0, instance:TestScripts.BBBuy@5b87ed94]" name="BBFilterOnFlavour" duration-ms="1" started-at="2017-11-15T18:38:09Z" finished-at="2017-11-15T18:38:09Z">
          <reporter-output>
          </reporter-output>
        </test-method> <!-- BBFilterOnFlavour -->
        <test-method status="SKIP" signature="configAfterMethod()[pri:0, instance:TestScripts.BBBuy@5b87ed94]" name="configAfterMethod" is-config="true" duration-ms="0" started-at="2017-11-15T18:38:09Z" finished-at="2017-11-15T18:38:09Z">
          <reporter-output>
          </reporter-output>
        </test-method> <!-- configAfterMethod -->
        <test-method status="SKIP" signature="BBFilterOnprice()[pri:0, instance:TestScripts.BBBuy@5b87ed94]" name="BBFilterOnprice" duration-ms="1" started-at="2017-11-15T18:38:09Z" finished-at="2017-11-15T18:38:09Z">
          <reporter-output>
          </reporter-output>
        </test-method> <!-- BBFilterOnprice -->
        <test-method status="SKIP" signature="configBeforeMethod()[pri:0, instance:TestScripts.BBBuy@5b87ed94]" name="configBeforeMethod" is-config="true" duration-ms="0" started-at="2017-11-15T18:38:09Z" finished-at="2017-11-15T18:38:09Z">
          <reporter-output>
          </reporter-output>
        </test-method> <!-- configBeforeMethod -->
        <test-method status="SKIP" signature="configAfterMethod()[pri:0, instance:TestScripts.BBBuy@5b87ed94]" name="configAfterMethod" is-config="true" duration-ms="0" started-at="2017-11-15T18:38:09Z" finished-at="2017-11-15T18:38:09Z">
          <reporter-output>
          </reporter-output>
        </test-method> <!-- configAfterMethod -->
        <test-method status="SKIP" signature="configBeforeMethod()[pri:0, instance:TestScripts.BBBuy@5b87ed94]" name="configBeforeMethod" is-config="true" duration-ms="0" started-at="2017-11-15T18:38:09Z" finished-at="2017-11-15T18:38:09Z">
          <reporter-output>
          </reporter-output>
        </test-method> <!-- configBeforeMethod -->
        <test-method status="SKIP" signature="BBIncreaseItemQuantity()[pri:0, instance:TestScripts.BBBuy@5b87ed94]" name="BBIncreaseItemQuantity" duration-ms="0" started-at="2017-11-15T18:38:09Z" finished-at="2017-11-15T18:38:09Z">
          <reporter-output>
          </reporter-output>
        </test-method> <!-- BBIncreaseItemQuantity -->
        <test-method status="SKIP" signature="configAfterMethod()[pri:0, instance:TestScripts.BBBuy@5b87ed94]" name="configAfterMethod" is-config="true" duration-ms="0" started-at="2017-11-15T18:38:09Z" finished-at="2017-11-15T18:38:09Z">
          <reporter-output>
          </reporter-output>
        </test-method> <!-- configAfterMethod -->
        <test-method status="SKIP" signature="BBMoreStores()[pri:0, instance:TestScripts.BBBuy@5b87ed94]" name="BBMoreStores" duration-ms="1" started-at="2017-11-15T18:38:09Z" finished-at="2017-11-15T18:38:09Z">
          <reporter-output>
          </reporter-output>
        </test-method> <!-- BBMoreStores -->
        <test-method status="SKIP" signature="configBeforeMethod()[pri:0, instance:TestScripts.BBBuy@5b87ed94]" name="configBeforeMethod" is-config="true" duration-ms="0" started-at="2017-11-15T18:38:09Z" finished-at="2017-11-15T18:38:09Z">
          <reporter-output>
          </reporter-output>
        </test-method> <!-- configBeforeMethod -->
        <test-method status="SKIP" signature="configAfterMethod()[pri:0, instance:TestScripts.BBBuy@5b87ed94]" name="configAfterMethod" is-config="true" duration-ms="0" started-at="2017-11-15T18:38:09Z" finished-at="2017-11-15T18:38:09Z">
          <reporter-output>
          </reporter-output>
        </test-method> <!-- configAfterMethod -->
        <test-method status="SKIP" signature="configBeforeMethod()[pri:0, instance:TestScripts.BBBuy@5b87ed94]" name="configBeforeMethod" is-config="true" duration-ms="0" started-at="2017-11-15T18:38:09Z" finished-at="2017-11-15T18:38:09Z">
          <reporter-output>
          </reporter-output>
        </test-method> <!-- configBeforeMethod -->
        <test-method status="SKIP" signature="configAfterMethod()[pri:0, instance:TestScripts.BBBuy@5b87ed94]" name="configAfterMethod" is-config="true" duration-ms="0" started-at="2017-11-15T18:38:09Z" finished-at="2017-11-15T18:38:09Z">
          <reporter-output>
          </reporter-output>
        </test-method> <!-- configAfterMethod -->
        <test-method status="SKIP" signature="BBRemoveItemFromMyBasket()[pri:0, instance:TestScripts.BBBuy@5b87ed94]" name="BBRemoveItemFromMyBasket" duration-ms="0" started-at="2017-11-15T18:38:09Z" finished-at="2017-11-15T18:38:09Z">
          <reporter-output>
          </reporter-output>
        </test-method> <!-- BBRemoveItemFromMyBasket -->
        <test-method status="SKIP" signature="configAfterClass()[pri:0, instance:TestScripts.BBBuy@5b87ed94]" name="configAfterClass" is-config="true" duration-ms="0" started-at="2017-11-15T18:38:09Z" finished-at="2017-11-15T18:38:09Z">
          <reporter-output>
          </reporter-output>
        </test-method> <!-- configAfterClass -->
        <test-method status="SKIP" signature="configAfterSuite()[pri:0, instance:TestScripts.BBBuy@5b87ed94]" name="configAfterSuite" is-config="true" duration-ms="0" started-at="2017-11-15T18:38:10Z" finished-at="2017-11-15T18:38:10Z">
          <reporter-output>
          </reporter-output>
        </test-method> <!-- configAfterSuite -->
      </class> <!-- TestScripts.BBBuy -->
    </test> <!-- Test -->
  </suite> <!-- Suite -->
</testng-results>
